<?xml version="1.0" encoding="UTF-8"?>
<testng-results skipped="0" failed="0" ignored="0" total="2" passed="2">
  <reporter-output>
  </reporter-output>
  <suite name="Suite" duration-ms="107" started-at="2021-09-30T16:11:20 IST" finished-at="2021-09-30T16:11:21 IST">
    <groups>
    </groups>
    <test name="Test" duration-ms="107" started-at="2021-09-30T16:11:20 IST" finished-at="2021-09-30T16:11:21 IST">
      <class name="Jenkins.Practice">
        <test-method status="PASS" signature="methodOne()[pri:0, instance:Jenkins.Practice@5abca1e0]" name="methodOne" duration-ms="21" started-at="2021-09-30T16:11:20 IST" finished-at="2021-09-30T16:11:21 IST">
          <reporter-output>
          </reporter-output>
        </test-method> <!-- methodOne -->
      </class> <!-- Jenkins.Practice -->
      <class name="Jenkins.PracticeAgain">
        <test-method status="PASS" signature="methodTwo()[pri:0, instance:Jenkins.PracticeAgain@3e9b1010]" name="methodTwo" duration-ms="1" started-at="2021-09-30T16:11:21 IST" finished-at="2021-09-30T16:11:21 IST">
          <reporter-output>
          </reporter-output>
        </test-method> <!-- methodTwo -->
      </class> <!-- Jenkins.PracticeAgain -->
    </test> <!-- Test -->
  </suite> <!-- Suite -->
</testng-results>
