<?xml version="1.0" encoding="UTF-8"?>
<testng-results ignored="0" total="2" passed="2" failed="0" skipped="0">
  <reporter-output>
  </reporter-output>
  <suite started-at="2021-09-30T16:07:19 IST" name="Suite" finished-at="2021-09-30T16:07:19 IST" duration-ms="147">
    <groups>
    </groups>
    <test started-at="2021-09-30T16:07:19 IST" name="Test" finished-at="2021-09-30T16:07:19 IST" duration-ms="147">
      <class name="Jenkins.PracticeAgain">
        <test-method signature="methodTwo()[pri:0, instance:Jenkins.PracticeAgain@73ee04c8]" started-at="2021-09-30T16:07:19 IST" name="methodTwo" finished-at="2021-09-30T16:07:19 IST" duration-ms="3" status="PASS">
          <reporter-output>
          </reporter-output>
        </test-method> <!-- methodTwo -->
      </class> <!-- Jenkins.PracticeAgain -->
      <class name="Jenkins.Practice">
        <test-method signature="methodOne()[pri:0, instance:Jenkins.Practice@2177849e]" started-at="2021-09-30T16:07:19 IST" name="methodOne" finished-at="2021-09-30T16:07:19 IST" duration-ms="21" status="PASS">
          <reporter-output>
          </reporter-output>
        </test-method> <!-- methodOne -->
      </class> <!-- Jenkins.Practice -->
    </test> <!-- Test -->
  </suite> <!-- Suite -->
</testng-results>
